[5/11/2015 - 13:26:14] (::1|)  => 
[5/11/2015 - 13:28:34] (::1|)  => 
[5/11/2015 - 13:28:36] (::1|)  => 
[5/11/2015 - 13:28:40] (::1|)  => 
[5/11/2015 - 13:28:51] (::1|)  => 
[5/11/2015 - 13:31:55] (::1|)  => 
[5/11/2015 - 13:32:5] (::1|)  => 
[5/11/2015 - 13:32:28] (::1|)  => 
[5/11/2015 - 13:33:47] (::1|)  => 
[5/11/2015 - 13:50:28] (::1|)  => 
[5/11/2015 - 14:1:42] (::1|)  => 
[5/11/2015 - 14:7:13] (::1|)  => 
[5/11/2015 - 14:7:34] (::1|)  => 
[5/11/2015 - 14:7:46] (::1|)  => 
[5/11/2015 - 14:8:57] (::1|)  => 
[5/11/2015 - 14:9:17] (::1|)  => 
[5/11/2015 - 14:10:0] (::1|)  => 
[5/11/2015 - 14:10:6] (::1|)  => 
[5/11/2015 - 14:10:55] (::1|)  => 
[5/11/2015 - 14:11:26] (::1|)  => 
[14/11/2015 - 15:18:37] (::1|)  => 
[14/11/2015 - 15:18:38] (::1|)  => favicon.ico
[14/11/2015 - 15:18:38] (::1|)  => favicon.ico
[14/11/2015 - 15:19:3] (::1|)  => 
[14/11/2015 - 15:19:4] (::1|)  => favicon.ico
[14/11/2015 - 15:19:4] (::1|)  => favicon.ico
[14/11/2015 - 15:19:33] (::1|)  => favicon.ico
[14/11/2015 - 15:19:33] (::1|)  => favicon.ico
[14/11/2015 - 15:21:48] (::1|)  => 
[14/11/2015 - 15:21:49] (::1|)  => favicon.ico
[14/11/2015 - 15:21:49] (::1|)  => favicon.ico
[14/11/2015 - 15:27:31] (::1|)  => demo
[14/11/2015 - 15:27:32] (::1|)  => favicon.ico
[14/11/2015 - 15:27:32] (::1|)  => favicon.ico
[14/11/2015 - 15:27:36] (::1|)  => demo/ff
[14/11/2015 - 15:27:36] (::1|)  => demo/favicon.ico
[14/11/2015 - 15:27:36] (::1|)  => demo/favicon.ico
[14/11/2015 - 15:27:38] (::1|)  => demo/ff/dd
[14/11/2015 - 15:27:39] (::1|)  => demo/ff/favicon.ico
[14/11/2015 - 15:27:39] (::1|)  => demo/ff/favicon.ico
[14/11/2015 - 15:27:41] (::1|)  => demo/ff/dd
[14/11/2015 - 15:27:41] (::1|)  => demo/ff/favicon.ico
[14/11/2015 - 15:27:41] (::1|)  => demo/ff/favicon.ico
[14/11/2015 - 15:27:47] (::1|)  => demo/ff/dd
[14/11/2015 - 15:27:48] (::1|)  => demo/ff/favicon.ico
[14/11/2015 - 15:27:48] (::1|)  => demo/ff/favicon.ico
[14/11/2015 - 15:27:56] (::1|)  => demo/ff/dd
[14/11/2015 - 15:27:56] (::1|)  => demo/ff/favicon.ico
[14/11/2015 - 15:27:56] (::1|)  => demo/ff/favicon.ico
[14/11/2015 - 15:28:3] (::1|)  => demo/ff/dd
[14/11/2015 - 15:28:3] (::1|)  => demo/ff/favicon.ico
[14/11/2015 - 15:28:3] (::1|)  => demo/ff/favicon.ico
[14/11/2015 - 15:28:6] (::1|)  => demo/ff/favicon.ico
[14/11/2015 - 15:28:6] (::1|)  => demo/ff/favicon.ico
[14/11/2015 - 15:28:10] (::1|)  => demo/ff/favicon.ico
[14/11/2015 - 15:28:10] (::1|)  => demo/ff/favicon.ico
[14/11/2015 - 15:28:16] (::1|)  => demo
[14/11/2015 - 15:28:16] (::1|)  => favicon.ico
[14/11/2015 - 15:28:16] (::1|)  => favicon.ico
[14/11/2015 - 15:29:25] (::1|)  => demo
[14/11/2015 - 15:29:25] (::1|)  => favicon.ico
[14/11/2015 - 15:29:25] (::1|)  => favicon.ico
[14/11/2015 - 21:54:49] (::1|)  => demo
[14/11/2015 - 21:54:49] (::1|)  => favicon.ico
[14/11/2015 - 21:54:49] (::1|)  => favicon.ico
[16/11/2015 - 18:36:42] (::1|)  => 
[16/11/2015 - 18:36:43] (::1|)  => 
[16/11/2015 - 18:36:43] (::1|)  => favicon.ico
[16/11/2015 - 18:36:43] (::1|)  => favicon.ico
[16/11/2015 - 18:37:1] (::1|)  => demo
[16/11/2015 - 18:37:2] (::1|)  => favicon.ico
[16/11/2015 - 18:37:2] (::1|)  => favicon.ico
[16/11/2015 - 18:46:1] (::1|)  => demo
[16/11/2015 - 18:46:1] (::1|)  => favicon.ico
[16/11/2015 - 18:46:1] (::1|)  => favicon.ico
